<?xml version="1.0" encoding="UTF-8"?>
<Site BuildName="(empty)"
	BuildStamp="20231007-2033-Experimental"
	Name="(empty)"
	Generator="ctest-3.25.1"
	CompilerName=""
	CompilerVersion=""
	OSName="Linux"
	Hostname="ubuntu2304"
	OSRelease="6.2.0-34-generic"
	OSVersion="#34-Ubuntu SMP PREEMPT_DYNAMIC Mon Sep  4 13:06:55 UTC 2023"
	OSPlatform="x86_64"
	Is64Bits="1"
	VendorString="GenuineIntel"
	VendorID="Intel Corporation"
	FamilyID="6"
	ModelID="158"
	ProcessorCacheSize="9216"
	NumberOfLogicalCPU="4"
	NumberOfPhysicalCPU="4"
	TotalVirtualMemory="3898"
	TotalPhysicalMemory="3906"
	LogicalProcessorsPerPhysical="1"
	ProcessorClockFrequency="3600"
	>
	<Testing>
		<StartDateTime>Oct 07 16:33 EDT</StartDateTime>
		<StartTestTime>1696710812</StartTestTime>
		<TestList/>
		<EndDateTime>Oct 07 16:33 EDT</EndDateTime>
		<EndTestTime>1696710812</EndTestTime>
		<ElapsedMinutes>0</ElapsedMinutes>
	</Testing>
</Site>
